<?xml version="1.0" encoding="UTF-8"?>
<testng-results ignored="0" total="1" passed="1" failed="0" skipped="0">
  <reporter-output>
  </reporter-output>
  <suite started-at="2024-08-09T12:17:23 IST" name="Default suite" finished-at="2024-08-09T12:17:35 IST" duration-ms="12508">
    <groups>
    </groups>
    <test started-at="2024-08-09T12:17:23 IST" name="Default test" finished-at="2024-08-09T12:17:35 IST" duration-ms="12508">
      <class name="extent_reports.ToAddScreenshotToReport">
        <test-method signature="addScreenshot()[pri:0, instance:extent_reports.ToAddScreenshotToReport@6c1a5b54]" started-at="2024-08-09T12:17:23 IST" name="addScreenshot" finished-at="2024-08-09T12:17:35 IST" duration-ms="12450" status="PASS">
          <reporter-output>
          </reporter-output>
        </test-method> <!-- addScreenshot -->
      </class> <!-- extent_reports.ToAddScreenshotToReport -->
    </test> <!-- Default test -->
  </suite> <!-- Default suite -->
</testng-results>
